0 info it worked if it ends with ok
1 verbose cli [ '/Users/nmartel/.nvm/versions/node/v6.9.5/bin/node',
1 verbose cli   '/Users/nmartel/.nvm/versions/node/v6.9.5/bin/npm',
1 verbose cli   'run',
1 verbose cli   'hugo',
1 verbose cli   'new',
1 verbose cli   'about.md' ]
2 info using npm@3.10.10
3 info using node@v6.9.5
4 verbose run-script [ 'prehugo', 'hugo', 'posthugo' ]
5 info lifecycle victor-hugo@1.0.0~prehugo: victor-hugo@1.0.0
6 silly lifecycle victor-hugo@1.0.0~prehugo: no script for prehugo, continuing
7 info lifecycle victor-hugo@1.0.0~hugo: victor-hugo@1.0.0
8 verbose lifecycle victor-hugo@1.0.0~hugo: unsafe-perm in lifecycle true
9 verbose lifecycle victor-hugo@1.0.0~hugo: PATH: /Users/nmartel/.nvm/versions/node/v6.9.5/lib/node_modules/npm/bin/node-gyp-bin:/Users/nmartel/repos/examples/victor-hugo/node_modules/.bin:/Users/nmartel/Library/Android/sdk/platform-tools:/Users/nmartel/Library/Android/sdk/tools:/Users/nmartel/.rvm/gems/ruby-2.1.10/bin:/Users/nmartel/.rvm/gems/ruby-2.1.10@global/bin:/Users/nmartel/.rvm/rubies/ruby-2.1.10/bin:/Users/nmartel/.rvm/bin:/Users/nmartel/.nvm/versions/node/v6.9.5/bin:/Users/nmartel/bin:/usr/local/bin:/usr/bin:/bin:/usr/sbin:/sbin
10 verbose lifecycle victor-hugo@1.0.0~hugo: CWD: /Users/nmartel/repos/examples/victor-hugo
11 silly lifecycle victor-hugo@1.0.0~hugo: Args: [ '-c', 'gulp hugo "new" "about.md"' ]
12 silly lifecycle victor-hugo@1.0.0~hugo: Returned: code: 1  signal: null
13 info lifecycle victor-hugo@1.0.0~hugo: Failed to exec hugo script
14 verbose stack Error: victor-hugo@1.0.0 hugo: `gulp hugo "new" "about.md"`
14 verbose stack Exit status 1
14 verbose stack     at EventEmitter.<anonymous> (/Users/nmartel/.nvm/versions/node/v6.9.5/lib/node_modules/npm/lib/utils/lifecycle.js:255:16)
14 verbose stack     at emitTwo (events.js:106:13)
14 verbose stack     at EventEmitter.emit (events.js:191:7)
14 verbose stack     at ChildProcess.<anonymous> (/Users/nmartel/.nvm/versions/node/v6.9.5/lib/node_modules/npm/lib/utils/spawn.js:40:14)
14 verbose stack     at emitTwo (events.js:106:13)
14 verbose stack     at ChildProcess.emit (events.js:191:7)
14 verbose stack     at maybeClose (internal/child_process.js:877:16)
14 verbose stack     at Process.ChildProcess._handle.onexit (internal/child_process.js:226:5)
15 verbose pkgid victor-hugo@1.0.0
16 verbose cwd /Users/nmartel/repos/examples/victor-hugo/site/themes
17 error Darwin 16.4.0
18 error argv "/Users/nmartel/.nvm/versions/node/v6.9.5/bin/node" "/Users/nmartel/.nvm/versions/node/v6.9.5/bin/npm" "run" "hugo" "new" "about.md"
19 error node v6.9.5
20 error npm  v3.10.10
21 error code ELIFECYCLE
22 error victor-hugo@1.0.0 hugo: `gulp hugo "new" "about.md"`
22 error Exit status 1
23 error Failed at the victor-hugo@1.0.0 hugo script 'gulp hugo "new" "about.md"'.
23 error Make sure you have the latest version of node.js and npm installed.
23 error If you do, this is most likely a problem with the victor-hugo package,
23 error not with npm itself.
23 error Tell the author that this fails on your system:
23 error     gulp hugo "new" "about.md"
23 error You can get information on how to open an issue for this project with:
23 error     npm bugs victor-hugo
23 error Or if that isn't available, you can get their info via:
23 error     npm owner ls victor-hugo
23 error There is likely additional logging output above.
24 verbose exit [ 1, true ]
